============================= test session starts ==============================
platform linux -- Python 3.11.0rc1, pytest-9.0.2, pluggy-1.6.0 -- /usr/bin/python3.11
cachedir: .pytest_cache
rootdir: /home/ubuntu/Fixops_repo
configfile: pyproject.toml
plugins: anyio-4.11.0, asyncio-1.3.0, cov-7.1.0, mock-3.15.1, timeout-2.4.0, xdist-3.8.0, Faker-40.13.0
asyncio: mode=Mode.AUTO, debug=False, asyncio_default_fixture_loop_scope=None, asyncio_default_test_loop_scope=function
timeout: 10.0s
timeout method: signal
timeout func_only: False
collecting ... collected 6 items

tests/e2e/test_bn_lr_hybrid.py::TestBNLRHybrid::test_train_bn_lr_end_to_end PASSED [ 16%]
tests/e2e/test_bn_lr_hybrid.py::TestBNLRHybrid::test_backtest_bn_lr_end_to_end PASSED [ 33%]
tests/e2e/test_bn_lr_hybrid.py::TestBNLRHybrid::test_backtest_with_output_file PASSED [ 50%]
tests/e2e/test_bn_lr_hybrid.py::TestBNLRHybrid::test_predict_bn_lr_end_to_end PASSED [ 66%]
tests/e2e/test_bn_lr_hybrid.py::TestBNLRHybrid::test_bn_cpd_hash_verification PASSED [ 83%]
tests/e2e/test_bn_lr_hybrid.py::TestBNLRHybrid::test_custom_thresholds PASSED [100%]

============================= slowest 10 durations =============================
13.84s call     tests/e2e/test_bn_lr_hybrid.py::TestBNLRHybrid::test_bn_cpd_hash_verification
9.56s call     tests/e2e/test_bn_lr_hybrid.py::TestBNLRHybrid::test_custom_thresholds
9.24s call     tests/e2e/test_bn_lr_hybrid.py::TestBNLRHybrid::test_backtest_bn_lr_end_to_end
8.95s call     tests/e2e/test_bn_lr_hybrid.py::TestBNLRHybrid::test_predict_bn_lr_end_to_end
8.83s call     tests/e2e/test_bn_lr_hybrid.py::TestBNLRHybrid::test_backtest_with_output_file
4.94s call     tests/e2e/test_bn_lr_hybrid.py::TestBNLRHybrid::test_train_bn_lr_end_to_end
0.12s setup    tests/e2e/test_bn_lr_hybrid.py::TestBNLRHybrid::test_train_bn_lr_end_to_end

(3 durations < 0.005s hidden.  Use -vv to show these durations.)
============================== 6 passed in 55.70s ==============================
