generated_at=2026-04-05T19:48:11Z
branch=feature/autonomous-foundation
head_commit=524c34e4552a5155f25b3ad7e51181d37a08be99

[pip_show]

[api_health]
HTTP/1.1 200 OK
date: Sun, 05 Apr 2026 19:48:12 GMT
server: uvicorn
content-length: 109
content-type: application/json
x-correlation-id: b2de8ee1-f6e3-4d99-8f35-08dc5139b2ff
x-request-id: f4fbc6c3-61dc-405b-9d7f-caaf9642d222
x-content-type-options: nosniff
x-frame-options: DENY
referrer-policy: strict-origin-when-cross-origin
permissions-policy: camera=(), microphone=(), geolocation=(), payment=()
cache-control: no-store, no-cache, must-revalidate
pragma: no-cache
x-permitted-cross-domain-policies: none
content-security-policy: default-src 'none'; frame-ancestors 'none'
x-xss-protection: 1; mode=block
strict-transport-security: max-age=31536000; includeSubDomains; preload
server: FixOps
cross-origin-opener-policy: same-origin
cross-origin-resource-policy: same-origin
cross-origin-embedder-policy: require-corp
x-response-time: 2.86ms
x-anomaly-score: 0.0000
x-threat-level: low
x-product-name: FixOps
x-product-version: 1.0.0

{"status":"healthy","timestamp":"2026-04-05T19:48:12.174813+00:00Z","service":"fixops-api","version":"0.1.0"}

[initial_api_start_failure_log]
  File "/usr/lib/python3.11/asyncio/runners.py", line 120, in run
    return self._loop.run_until_complete(task)
           ^^^^^^^^^^^^^^^^^^^^^^^^^^^^^^^^^^^
  File "/usr/lib/python3.11/asyncio/base_events.py", line 650, in run_until_complete
    return future.result()
           ^^^^^^^^^^^^^^^
  File "/usr/local/lib/python3.11/dist-packages/uvicorn/server.py", line 71, in serve
    await self._serve(sockets)
  File "/usr/local/lib/python3.11/dist-packages/uvicorn/server.py", line 78, in _serve
    config.load()
  File "/usr/local/lib/python3.11/dist-packages/uvicorn/config.py", line 438, in load
    self.loaded_app = import_from_string(self.app)
                      ^^^^^^^^^^^^^^^^^^^^^^^^^^^^
  File "/usr/local/lib/python3.11/dist-packages/uvicorn/importer.py", line 22, in import_from_string
    raise exc from None
  File "/usr/local/lib/python3.11/dist-packages/uvicorn/importer.py", line 19, in import_from_string
    module = importlib.import_module(module_str)
             ^^^^^^^^^^^^^^^^^^^^^^^^^^^^^^^^^^^
  File "/usr/lib/python3.11/importlib/__init__.py", line 126, in import_module
    return _bootstrap._gcd_import(name[level:], package, level)
           ^^^^^^^^^^^^^^^^^^^^^^^^^^^^^^^^^^^^^^^^^^^^^^^^^^^^
  File "<frozen importlib._bootstrap>", line 1206, in _gcd_import
  File "<frozen importlib._bootstrap>", line 1178, in _find_and_load
  File "<frozen importlib._bootstrap>", line 1149, in _find_and_load_unlocked
  File "<frozen importlib._bootstrap>", line 690, in _load_unlocked
  File "<frozen importlib._bootstrap_external>", line 940, in exec_module
  File "<frozen importlib._bootstrap>", line 241, in _call_with_frames_removed
  File "/home/ubuntu/Fixops_repo/suite-api/apps/api/app.py", line 36, in <module>
    import jwt
ModuleNotFoundError: No module named 'jwt'

[successful_api_start_log]
ERROR:opentelemetry.exporter.otlp.proto.http.metric_exporter:Failed to export metrics batch code: 404, reason: Not Found
ERROR:opentelemetry.exporter.otlp.proto.http.metric_exporter:Failed to export metrics batch code: 404, reason: Not Found
ERROR:opentelemetry.exporter.otlp.proto.http.metric_exporter:Failed to export metrics batch code: 404, reason: Not Found
ERROR:opentelemetry.exporter.otlp.proto.http.metric_exporter:Failed to export metrics batch code: 404, reason: Not Found
ERROR:opentelemetry.exporter.otlp.proto.http.metric_exporter:Failed to export metrics batch code: 404, reason: Not Found
ERROR:opentelemetry.exporter.otlp.proto.http.metric_exporter:Failed to export metrics batch code: 404, reason: Not Found
ERROR:opentelemetry.exporter.otlp.proto.http.metric_exporter:Failed to export metrics batch code: 404, reason: Not Found
ERROR:opentelemetry.exporter.otlp.proto.http.metric_exporter:Failed to export metrics batch code: 404, reason: Not Found
ERROR:opentelemetry.exporter.otlp.proto.http.metric_exporter:Failed to export metrics batch code: 404, reason: Not Found
ERROR:opentelemetry.exporter.otlp.proto.http.metric_exporter:Failed to export metrics batch code: 404, reason: Not Found
ERROR:opentelemetry.exporter.otlp.proto.http.metric_exporter:Failed to export metrics batch code: 404, reason: Not Found
ERROR:opentelemetry.exporter.otlp.proto.http.metric_exporter:Failed to export metrics batch code: 404, reason: Not Found
ERROR:opentelemetry.exporter.otlp.proto.http.metric_exporter:Failed to export metrics batch code: 404, reason: Not Found
ERROR:opentelemetry.exporter.otlp.proto.http.metric_exporter:Failed to export metrics batch code: 404, reason: Not Found
ERROR:opentelemetry.exporter.otlp.proto.http.metric_exporter:Failed to export metrics batch code: 404, reason: Not Found
ERROR:opentelemetry.exporter.otlp.proto.http.metric_exporter:Failed to export metrics batch code: 404, reason: Not Found
ERROR:opentelemetry.exporter.otlp.proto.http.metric_exporter:Failed to export metrics batch code: 404, reason: Not Found
ERROR:opentelemetry.exporter.otlp.proto.http.metric_exporter:Failed to export metrics batch code: 404, reason: Not Found
ERROR:opentelemetry.exporter.otlp.proto.http.metric_exporter:Failed to export metrics batch code: 404, reason: Not Found
ERROR:opentelemetry.exporter.otlp.proto.http.metric_exporter:Failed to export metrics batch code: 404, reason: Not Found
ERROR:opentelemetry.exporter.otlp.proto.http.metric_exporter:Failed to export metrics batch code: 404, reason: Not Found
ERROR:opentelemetry.exporter.otlp.proto.http.metric_exporter:Failed to export metrics batch code: 404, reason: Not Found
ERROR:opentelemetry.exporter.otlp.proto.http.metric_exporter:Failed to export metrics batch code: 404, reason: Not Found
ERROR:opentelemetry.exporter.otlp.proto.http.metric_exporter:Failed to export metrics batch code: 404, reason: Not Found
ERROR:opentelemetry.exporter.otlp.proto.http.metric_exporter:Failed to export metrics batch code: 404, reason: Not Found
ERROR:opentelemetry.exporter.otlp.proto.http.metric_exporter:Failed to export metrics batch code: 404, reason: Not Found
2026-04-05 15:48:12 [info     ] request.started                extra={'method': 'GET', 'path': '/api/v1/health', 'query_params': {}, 'client_host': '127.0.0.1'}
2026-04-05 15:48:12 [info     ] request.tracing                extra={'request_id': 'f4fbc6c3-61dc-405b-9d7f-caaf9642d222', 'correlation_id': 'b2de8ee1-f6e3-4d99-8f35-08dc5139b2ff', 'method': 'GET', 'path': '/api/v1/health'}
2026-04-05 15:48:12 [info     ] request.completed              extra={'method': 'GET', 'path': '/api/v1/health', 'status_code': 200, 'duration_ms': 2.86}
INFO:     127.0.0.1:53498 - "GET /api/v1/health HTTP/1.1" 200 OK
