UTC=2026-04-07T03:36:10Z
BRANCH=feature/autonomous-foundation
HEAD=968cbee7eaf4fda1df3d62cafcbfdbbd9356964a

[git status --short]
 M docs/ALDECI_BUILD_STATUS.md

[recent autonomous reports]
repo-state-20260407T033610Z.log
autonomous-cycle-self-scan-20260407T033212Z.log
bn-lr-autonomous-cycle-rerun-20260407T032549Z.log
bn-lr-e2e-rerun-20260407T032549Z.log
bn-lr-validation-rerun-20260407T032412Z.log
broader-validation-20260407T031732Z.log
high-visibility-validation-20260407T031427Z.log
focused-autonomous-validation-20260407T031105Z.log
focused-autonomous-validation-20260407T031026Z.log
autonomous-cycle-self-scan-20260407T030951Z.log
local-api-20260407T030753Z.log
local-api-20260407T030706Z.log
local-api-20260407T030621Z.log
local-api-20260407T030206Z.log
local-api-20260407T030144Z.log
local-api-20260407T030118Z.log
autonomous-cycle-self-scan-20260407T030006Z.log
broader-validation-rerun-20260405T193328Z.log
env-example-targeted-validation-20260404T124622Z.json
env-example-targeted-validation-20260404T124622Z.log
